android/build/intermediates/manifest_merge_blame_file/debug/manifest-merger-blame-debug-report.txt
1<?xml version="1.0" encoding="utf-8"?>
2<manifest xmlns:android="http://schemas.android.com/apk/res/android"
3    package="com.goapptivimagemodule" >
4
5    <uses-sdk
6        android:minSdkVersion="21"
6-->src/main/AndroidManifest.xml
7        android:targetSdkVersion="31" />
7-->src/main/AndroidManifest.xml
8
9    <application>
9-->src/main/AndroidManifest.xml:4:1-14:15
10        <provider
10-->src/main/AndroidManifest.xml:5:3-13:14
11            android:name="com.goapptivimagemodule.scanner.DocumentScannerFileProvider"
11-->src/main/AndroidManifest.xml:6:5-79
12            android:authorities="${applicationId}.DocumentScannerFileProvider"
12-->src/main/AndroidManifest.xml:7:5-71
13            android:exported="false"
13-->src/main/AndroidManifest.xml:8:5-29
14            android:grantUriPermissions="true" >
14-->src/main/AndroidManifest.xml:9:5-39
15            <meta-data
15-->src/main/AndroidManifest.xml:10:5-12:44
16                android:name="android.support.FILE_PROVIDER_PATHS"
16-->src/main/AndroidManifest.xml:11:7-57
17                android:resource="@xml/file_paths" />
17-->src/main/AndroidManifest.xml:12:7-41
18        </provider>
19    </application>
20
21</manifest>